{"/Users/tmimessi/Desktop/rick&morty/rick-morty/src/globalStyle.js": {"path":"/Users/tmimessi/Desktop/rick&morty/rick-morty/src/globalStyle.js","statementMap":{},"fnMap":{},"branchMap":{},"s":{},"f":{},"b":{}}
,"/Users/tmimessi/Desktop/rick&morty/rick-morty/src/main.jsx": {"path":"/Users/tmimessi/Desktop/rick&morty/rick-morty/src/main.jsx","statementMap":{"0":{"start":{"line":7,"column":0},"end":{"line":14,"column":1}}},"fnMap":{},"branchMap":{},"s":{"0":0},"f":{},"b":{}}
,"/Users/tmimessi/Desktop/rick&morty/rick-morty/src/components/Character/index.jsx": {"path":"/Users/tmimessi/Desktop/rick&morty/rick-morty/src/components/Character/index.jsx","statementMap":{"0":{"start":{"line":5,"column":2},"end":{"line":13,"column":3}}},"fnMap":{"0":{"name":"Character","decl":{"start":{"line":4,"column":24},"end":{"line":4,"column":33}},"loc":{"start":{"line":4,"column":70},"end":{"line":14,"column":1}},"line":4}},"branchMap":{},"s":{"0":0},"f":{"0":0},"b":{}}
,"/Users/tmimessi/Desktop/rick&morty/rick-morty/src/components/Character/styles.js": {"path":"/Users/tmimessi/Desktop/rick&morty/rick-morty/src/components/Character/styles.js","statementMap":{"0":{"start":{"line":3,"column":25},"end":{"line":19,"column":1}},"1":{"start":{"line":21,"column":20},"end":{"line":28,"column":1}}},"fnMap":{},"branchMap":{},"s":{"0":0,"1":0},"f":{},"b":{}}
,"/Users/tmimessi/Desktop/rick&morty/rick-morty/src/components/CharacterDetails/index.jsx": {"path":"/Users/tmimessi/Desktop/rick&morty/rick-morty/src/components/CharacterDetails/index.jsx","statementMap":{"0":{"start":{"line":17,"column":2},"end":{"line":46,"column":3}}},"fnMap":{"0":{"name":"CharacterDetails","decl":{"start":{"line":4,"column":24},"end":{"line":4,"column":40}},"loc":{"start":{"line":16,"column":3},"end":{"line":47,"column":1}},"line":16}},"branchMap":{},"s":{"0":0},"f":{"0":0},"b":{}}
,"/Users/tmimessi/Desktop/rick&morty/rick-morty/src/components/CharacterDetails/styles.js": {"path":"/Users/tmimessi/Desktop/rick&morty/rick-morty/src/components/CharacterDetails/styles.js","statementMap":{"0":{"start":{"line":3,"column":25},"end":{"line":33,"column":1}},"1":{"start":{"line":35,"column":20},"end":{"line":51,"column":1}}},"fnMap":{},"branchMap":{},"s":{"0":0,"1":0},"f":{},"b":{}}
,"/Users/tmimessi/Desktop/rick&morty/rick-morty/src/components/CharactersList/index.jsx": {"path":"/Users/tmimessi/Desktop/rick&morty/rick-morty/src/components/CharactersList/index.jsx","statementMap":{"0":{"start":{"line":7,"column":2},"end":{"line":22,"column":3}},"1":{"start":{"line":16,"column":10},"end":{"line":18,"column":17}}},"fnMap":{"0":{"name":"CharactersList","decl":{"start":{"line":6,"column":24},"end":{"line":6,"column":38}},"loc":{"start":{"line":6,"column":73},"end":{"line":23,"column":1}},"line":6},"1":{"name":"(anonymous_1)","decl":{"start":{"line":15,"column":24},"end":{"line":15,"column":25}},"loc":{"start":{"line":16,"column":10},"end":{"line":18,"column":17}},"line":16}},"branchMap":{},"s":{"0":0,"1":0},"f":{"0":0,"1":0},"b":{}}
,"/Users/tmimessi/Desktop/rick&morty/rick-morty/src/components/CharactersList/styles.js": {"path":"/Users/tmimessi/Desktop/rick&morty/rick-morty/src/components/CharactersList/styles.js","statementMap":{"0":{"start":{"line":3,"column":25},"end":{"line":13,"column":1}}},"fnMap":{},"branchMap":{},"s":{"0":0},"f":{},"b":{}}
,"/Users/tmimessi/Desktop/rick&morty/rick-morty/src/components/Divider/index.jsx": {"path":"/Users/tmimessi/Desktop/rick&morty/rick-morty/src/components/Divider/index.jsx","statementMap":{"0":{"start":{"line":4,"column":2},"end":{"line":9,"column":3}}},"fnMap":{"0":{"name":"Divider","decl":{"start":{"line":3,"column":16},"end":{"line":3,"column":23}},"loc":{"start":{"line":3,"column":33},"end":{"line":10,"column":1}},"line":3}},"branchMap":{},"s":{"0":0},"f":{"0":0},"b":{}}
,"/Users/tmimessi/Desktop/rick&morty/rick-morty/src/components/Divider/styles.js": {"path":"/Users/tmimessi/Desktop/rick&morty/rick-morty/src/components/Divider/styles.js","statementMap":{"0":{"start":{"line":3,"column":25},"end":{"line":31,"column":1}}},"fnMap":{},"branchMap":{},"s":{"0":0},"f":{},"b":{}}
,"/Users/tmimessi/Desktop/rick&morty/rick-morty/src/components/FavoriteButton/index.jsx": {"path":"/Users/tmimessi/Desktop/rick&morty/rick-morty/src/components/FavoriteButton/index.jsx","statementMap":{"0":{"start":{"line":7,"column":40},"end":{"line":7,"column":53}},"1":{"start":{"line":9,"column":31},"end":{"line":12,"column":3}},"2":{"start":{"line":10,"column":4},"end":{"line":10,"column":22}},"3":{"start":{"line":11,"column":4},"end":{"line":11,"column":31}},"4":{"start":{"line":14,"column":21},"end":{"line":14,"column":52}},"5":{"start":{"line":16,"column":2},"end":{"line":24,"column":3}}},"fnMap":{"0":{"name":"FavoriteButton","decl":{"start":{"line":6,"column":16},"end":{"line":6,"column":30}},"loc":{"start":{"line":6,"column":48},"end":{"line":25,"column":1}},"line":6},"1":{"name":"(anonymous_1)","decl":{"start":{"line":9,"column":31},"end":{"line":9,"column":32}},"loc":{"start":{"line":9,"column":36},"end":{"line":12,"column":3}},"line":9}},"branchMap":{"0":{"loc":{"start":{"line":18,"column":7},"end":{"line":22,"column":7}},"type":"cond-expr","locations":[{"start":{"line":19,"column":8},"end":{"line":19,"column":53}},{"start":{"line":21,"column":8},"end":{"line":21,"column":56}}],"line":18}},"s":{"0":0,"1":0,"2":0,"3":0,"4":0,"5":0},"f":{"0":0,"1":0},"b":{"0":[0,0]}}
,"/Users/tmimessi/Desktop/rick&morty/rick-morty/src/components/FavoriteButton/styles.js": {"path":"/Users/tmimessi/Desktop/rick&morty/rick-morty/src/components/FavoriteButton/styles.js","statementMap":{"0":{"start":{"line":3,"column":25},"end":{"line":13,"column":1}}},"fnMap":{},"branchMap":{},"s":{"0":0},"f":{},"b":{}}
,"/Users/tmimessi/Desktop/rick&morty/rick-morty/src/components/Header/index.jsx": {"path":"/Users/tmimessi/Desktop/rick&morty/rick-morty/src/components/Header/index.jsx","statementMap":{"0":{"start":{"line":5,"column":2},"end":{"line":9,"column":3}}},"fnMap":{"0":{"name":"Header","decl":{"start":{"line":4,"column":16},"end":{"line":4,"column":22}},"loc":{"start":{"line":4,"column":25},"end":{"line":10,"column":1}},"line":4}},"branchMap":{},"s":{"0":0},"f":{"0":0},"b":{}}
,"/Users/tmimessi/Desktop/rick&morty/rick-morty/src/components/Header/styles.js": {"path":"/Users/tmimessi/Desktop/rick&morty/rick-morty/src/components/Header/styles.js","statementMap":{"0":{"start":{"line":3,"column":25},"end":{"line":9,"column":1}}},"fnMap":{},"branchMap":{},"s":{"0":0},"f":{},"b":{}}
,"/Users/tmimessi/Desktop/rick&morty/rick-morty/src/components/SearchInput/index.jsx": {"path":"/Users/tmimessi/Desktop/rick&morty/rick-morty/src/components/SearchInput/index.jsx","statementMap":{"0":{"start":{"line":5,"column":2},"end":{"line":10,"column":3}}},"fnMap":{"0":{"name":"SearchInput","decl":{"start":{"line":4,"column":24},"end":{"line":4,"column":35}},"loc":{"start":{"line":4,"column":61},"end":{"line":11,"column":1}},"line":4}},"branchMap":{"0":{"loc":{"start":{"line":7,"column":7},"end":{"line":7,"column":33}},"type":"binary-expr","locations":[{"start":{"line":7,"column":7},"end":{"line":7,"column":11}},{"start":{"line":7,"column":15},"end":{"line":7,"column":33}}],"line":7}},"s":{"0":0},"f":{"0":0},"b":{"0":[0,0]}}
,"/Users/tmimessi/Desktop/rick&morty/rick-morty/src/components/SearchInput/styles.js": {"path":"/Users/tmimessi/Desktop/rick&morty/rick-morty/src/components/SearchInput/styles.js","statementMap":{"0":{"start":{"line":3,"column":25},"end":{"line":32,"column":1}}},"fnMap":{},"branchMap":{},"s":{"0":0},"f":{},"b":{}}
,"/Users/tmimessi/Desktop/rick&morty/rick-morty/src/hooks/FavoriteContext.jsx": {"path":"/Users/tmimessi/Desktop/rick&morty/rick-morty/src/hooks/FavoriteContext.jsx","statementMap":{"0":{"start":{"line":3,"column":24},"end":{"line":3,"column":39}},"1":{"start":{"line":6,"column":2},"end":{"line":6,"column":36}},"2":{"start":{"line":10,"column":35},"end":{"line":10,"column":47}},"3":{"start":{"line":12,"column":25},"end":{"line":17,"column":3}},"4":{"start":{"line":13,"column":25},"end":{"line":15,"column":35}},"5":{"start":{"line":14,"column":33},"end":{"line":14,"column":53}},"6":{"start":{"line":16,"column":4},"end":{"line":16,"column":29}},"7":{"start":{"line":19,"column":2},"end":{"line":23,"column":3}}},"fnMap":{"0":{"name":"useFavorite","decl":{"start":{"line":5,"column":16},"end":{"line":5,"column":27}},"loc":{"start":{"line":5,"column":30},"end":{"line":7,"column":1}},"line":5},"1":{"name":"FavoriteProvider","decl":{"start":{"line":9,"column":16},"end":{"line":9,"column":32}},"loc":{"start":{"line":9,"column":47},"end":{"line":24,"column":1}},"line":9},"2":{"name":"(anonymous_2)","decl":{"start":{"line":12,"column":25},"end":{"line":12,"column":26}},"loc":{"start":{"line":12,"column":40},"end":{"line":17,"column":3}},"line":12},"3":{"name":"(anonymous_3)","decl":{"start":{"line":14,"column":25},"end":{"line":14,"column":26}},"loc":{"start":{"line":14,"column":33},"end":{"line":14,"column":53}},"line":14}},"branchMap":{"0":{"loc":{"start":{"line":13,"column":25},"end":{"line":15,"column":35}},"type":"cond-expr","locations":[{"start":{"line":14,"column":8},"end":{"line":14,"column":54}},{"start":{"line":15,"column":8},"end":{"line":15,"column":35}}],"line":13}},"s":{"0":0,"1":0,"2":0,"3":0,"4":0,"5":0,"6":0,"7":0},"f":{"0":0,"1":0,"2":0,"3":0},"b":{"0":[0,0]}}
,"/Users/tmimessi/Desktop/rick&morty/rick-morty/src/pages/Details/index.jsx": {"path":"/Users/tmimessi/Desktop/rick&morty/rick-morty/src/pages/Details/index.jsx","statementMap":{"0":{"start":{"line":7,"column":26},"end":{"line":7,"column":40}},"1":{"start":{"line":8,"column":17},"end":{"line":8,"column":28}},"2":{"start":{"line":10,"column":2},"end":{"line":19,"column":8}},"3":{"start":{"line":12,"column":23},"end":{"line":14,"column":7}},"4":{"start":{"line":15,"column":19},"end":{"line":15,"column":40}},"5":{"start":{"line":16,"column":6},"end":{"line":16,"column":19}},"6":{"start":{"line":18,"column":4},"end":{"line":18,"column":20}},"7":{"start":{"line":21,"column":2},"end":{"line":23,"column":3}},"8":{"start":{"line":22,"column":4},"end":{"line":22,"column":16}},"9":{"start":{"line":25,"column":2},"end":{"line":25,"column":46}}},"fnMap":{"0":{"name":"Details","decl":{"start":{"line":6,"column":16},"end":{"line":6,"column":23}},"loc":{"start":{"line":6,"column":26},"end":{"line":26,"column":1}},"line":6},"1":{"name":"(anonymous_1)","decl":{"start":{"line":10,"column":12},"end":{"line":10,"column":13}},"loc":{"start":{"line":10,"column":18},"end":{"line":19,"column":3}},"line":10},"2":{"name":"fetchCharacter","decl":{"start":{"line":11,"column":19},"end":{"line":11,"column":33}},"loc":{"start":{"line":11,"column":36},"end":{"line":17,"column":5}},"line":11}},"branchMap":{"0":{"loc":{"start":{"line":21,"column":2},"end":{"line":23,"column":3}},"type":"if","locations":[{"start":{"line":21,"column":2},"end":{"line":23,"column":3}},{"start":{},"end":{}}],"line":21}},"s":{"0":0,"1":0,"2":0,"3":0,"4":0,"5":0,"6":0,"7":0,"8":0,"9":0},"f":{"0":0,"1":0,"2":0},"b":{"0":[0,0]}}
,"/Users/tmimessi/Desktop/rick&morty/rick-morty/src/pages/Home/index.jsx": {"path":"/Users/tmimessi/Desktop/rick&morty/rick-morty/src/pages/Home/index.jsx","statementMap":{"0":{"start":{"line":10,"column":38},"end":{"line":10,"column":50}},"1":{"start":{"line":11,"column":30},"end":{"line":11,"column":42}},"2":{"start":{"line":12,"column":26},"end":{"line":12,"column":37}},"3":{"start":{"line":14,"column":2},"end":{"line":26,"column":20}},"4":{"start":{"line":16,"column":23},"end":{"line":18,"column":7}},"5":{"start":{"line":19,"column":26},"end":{"line":19,"column":47}},"6":{"start":{"line":20,"column":6},"end":{"line":23,"column":7}},"7":{"start":{"line":21,"column":28},"end":{"line":21,"column":54}},"8":{"start":{"line":22,"column":8},"end":{"line":22,"column":36}},"9":{"start":{"line":25,"column":4},"end":{"line":25,"column":15}},"10":{"start":{"line":28,"column":2},"end":{"line":30,"column":14}},"11":{"start":{"line":29,"column":4},"end":{"line":29,"column":18}},"12":{"start":{"line":33,"column":21},"end":{"line":35,"column":5}},"13":{"start":{"line":36,"column":24},"end":{"line":36,"column":45}},"14":{"start":{"line":37,"column":4},"end":{"line":39,"column":5}},"15":{"start":{"line":38,"column":6},"end":{"line":38,"column":28}},"16":{"start":{"line":43,"column":4},"end":{"line":43,"column":33}},"17":{"start":{"line":46,"column":27},"end":{"line":48,"column":3}},"18":{"start":{"line":47,"column":4},"end":{"line":47,"column":21}},"19":{"start":{"line":50,"column":2},"end":{"line":67,"column":3}}},"fnMap":{"0":{"name":"Home","decl":{"start":{"line":9,"column":16},"end":{"line":9,"column":20}},"loc":{"start":{"line":9,"column":23},"end":{"line":68,"column":1}},"line":9},"1":{"name":"(anonymous_1)","decl":{"start":{"line":14,"column":12},"end":{"line":14,"column":13}},"loc":{"start":{"line":14,"column":18},"end":{"line":26,"column":3}},"line":14},"2":{"name":"fetchData","decl":{"start":{"line":15,"column":19},"end":{"line":15,"column":28}},"loc":{"start":{"line":15,"column":31},"end":{"line":24,"column":5}},"line":15},"3":{"name":"(anonymous_3)","decl":{"start":{"line":28,"column":12},"end":{"line":28,"column":13}},"loc":{"start":{"line":28,"column":18},"end":{"line":30,"column":3}},"line":28},"4":{"name":"handleSearch","decl":{"start":{"line":32,"column":17},"end":{"line":32,"column":29}},"loc":{"start":{"line":32,"column":32},"end":{"line":40,"column":3}},"line":32},"5":{"name":"handleChange","decl":{"start":{"line":42,"column":11},"end":{"line":42,"column":23}},"loc":{"start":{"line":42,"column":31},"end":{"line":44,"column":3}},"line":42},"6":{"name":"(anonymous_6)","decl":{"start":{"line":46,"column":27},"end":{"line":46,"column":28}},"loc":{"start":{"line":46,"column":33},"end":{"line":48,"column":3}},"line":46}},"branchMap":{"0":{"loc":{"start":{"line":20,"column":6},"end":{"line":23,"column":7}},"type":"if","locations":[{"start":{"line":20,"column":6},"end":{"line":23,"column":7}},{"start":{},"end":{}}],"line":20},"1":{"loc":{"start":{"line":37,"column":4},"end":{"line":39,"column":5}},"type":"if","locations":[{"start":{"line":37,"column":4},"end":{"line":39,"column":5}},{"start":{},"end":{}}],"line":37}},"s":{"0":0,"1":0,"2":0,"3":0,"4":0,"5":0,"6":0,"7":0,"8":0,"9":0,"10":0,"11":0,"12":0,"13":0,"14":0,"15":0,"16":0,"17":0,"18":0,"19":0},"f":{"0":0,"1":0,"2":0,"3":0,"4":0,"5":0,"6":0},"b":{"0":[0,0],"1":[0,0]}}
,"/Users/tmimessi/Desktop/rick&morty/rick-morty/src/pages/Home/styles.js": {"path":"/Users/tmimessi/Desktop/rick&morty/rick-morty/src/pages/Home/styles.js","statementMap":{"0":{"start":{"line":3,"column":25},"end":{"line":19,"column":1}}},"fnMap":{},"branchMap":{},"s":{"0":0},"f":{},"b":{}}
,"/Users/tmimessi/Desktop/rick&morty/rick-morty/src/routes/app.routes.jsx": {"path":"/Users/tmimessi/Desktop/rick&morty/rick-morty/src/routes/app.routes.jsx","statementMap":{"0":{"start":{"line":6,"column":2},"end":{"line":11,"column":3}}},"fnMap":{"0":{"name":"AppRoutes","decl":{"start":{"line":5,"column":16},"end":{"line":5,"column":25}},"loc":{"start":{"line":5,"column":28},"end":{"line":12,"column":1}},"line":5}},"branchMap":{},"s":{"0":0},"f":{"0":0},"b":{}}
,"/Users/tmimessi/Desktop/rick&morty/rick-morty/src/routes/index.jsx": {"path":"/Users/tmimessi/Desktop/rick&morty/rick-morty/src/routes/index.jsx","statementMap":{"0":{"start":{"line":5,"column":2},"end":{"line":9,"column":3}}},"fnMap":{"0":{"name":"Routes","decl":{"start":{"line":4,"column":16},"end":{"line":4,"column":22}},"loc":{"start":{"line":4,"column":25},"end":{"line":10,"column":1}},"line":4}},"branchMap":{},"s":{"0":0},"f":{"0":0},"b":{}}
}
