TN:
SF:src/globalStyle.js
FNF:0
FNH:0
LF:0
LH:0
BRF:0
BRH:0
end_of_record
TN:
SF:src/main.jsx
FNF:0
FNH:0
DA:7,0
LF:1
LH:0
BRF:0
BRH:0
end_of_record
TN:
SF:src/components/Character/index.jsx
FN:4,Character
FNF:1
FNH:0
FNDA:0,Character
DA:5,0
LF:1
LH:0
BRF:0
BRH:0
end_of_record
TN:
SF:src/components/Character/styles.js
FNF:0
FNH:0
DA:3,0
DA:21,0
LF:2
LH:0
BRF:0
BRH:0
end_of_record
TN:
SF:src/components/CharacterDetails/index.jsx
FN:4,CharacterDetails
FNF:1
FNH:0
FNDA:0,CharacterDetails
DA:17,0
LF:1
LH:0
BRF:0
BRH:0
end_of_record
TN:
SF:src/components/CharacterDetails/styles.js
FNF:0
FNH:0
DA:3,0
DA:35,0
LF:2
LH:0
BRF:0
BRH:0
end_of_record
TN:
SF:src/components/CharactersList/index.jsx
FN:6,CharactersList
FN:15,(anonymous_1)
FNF:2
FNH:0
FNDA:0,CharactersList
FNDA:0,(anonymous_1)
DA:7,0
DA:16,0
LF:2
LH:0
BRF:0
BRH:0
end_of_record
TN:
SF:src/components/CharactersList/styles.js
FNF:0
FNH:0
DA:3,0
LF:1
LH:0
BRF:0
BRH:0
end_of_record
TN:
SF:src/components/Divider/index.jsx
FN:3,Divider
FNF:1
FNH:0
FNDA:0,Divider
DA:4,0
LF:1
LH:0
BRF:0
BRH:0
end_of_record
TN:
SF:src/components/Divider/styles.js
FNF:0
FNH:0
DA:3,0
LF:1
LH:0
BRF:0
BRH:0
end_of_record
TN:
SF:src/components/FavoriteButton/index.jsx
FN:6,FavoriteButton
FN:9,(anonymous_1)
FNF:2
FNH:0
FNDA:0,FavoriteButton
FNDA:0,(anonymous_1)
DA:7,0
DA:9,0
DA:10,0
DA:11,0
DA:14,0
DA:16,0
LF:6
LH:0
BRDA:18,0,0,0
BRDA:18,0,1,0
BRF:2
BRH:0
end_of_record
TN:
SF:src/components/FavoriteButton/styles.js
FNF:0
FNH:0
DA:3,0
LF:1
LH:0
BRF:0
BRH:0
end_of_record
TN:
SF:src/components/Header/index.jsx
FN:4,Header
FNF:1
FNH:0
FNDA:0,Header
DA:5,0
LF:1
LH:0
BRF:0
BRH:0
end_of_record
TN:
SF:src/components/Header/styles.js
FNF:0
FNH:0
DA:3,0
LF:1
LH:0
BRF:0
BRH:0
end_of_record
TN:
SF:src/components/SearchInput/index.jsx
FN:4,SearchInput
FNF:1
FNH:0
FNDA:0,SearchInput
DA:5,0
LF:1
LH:0
BRDA:7,0,0,0
BRDA:7,0,1,0
BRF:2
BRH:0
end_of_record
TN:
SF:src/components/SearchInput/styles.js
FNF:0
FNH:0
DA:3,0
LF:1
LH:0
BRF:0
BRH:0
end_of_record
TN:
SF:src/hooks/FavoriteContext.jsx
FN:5,useFavorite
FN:9,FavoriteProvider
FN:12,(anonymous_2)
FN:14,(anonymous_3)
FNF:4
FNH:0
FNDA:0,useFavorite
FNDA:0,FavoriteProvider
FNDA:0,(anonymous_2)
FNDA:0,(anonymous_3)
DA:3,0
DA:6,0
DA:10,0
DA:12,0
DA:13,0
DA:14,0
DA:16,0
DA:19,0
LF:8
LH:0
BRDA:13,0,0,0
BRDA:13,0,1,0
BRF:2
BRH:0
end_of_record
TN:
SF:src/pages/Details/index.jsx
FN:6,Details
FN:10,(anonymous_1)
FN:11,fetchCharacter
FNF:3
FNH:0
FNDA:0,Details
FNDA:0,(anonymous_1)
FNDA:0,fetchCharacter
DA:7,0
DA:8,0
DA:10,0
DA:12,0
DA:15,0
DA:16,0
DA:18,0
DA:21,0
DA:22,0
DA:25,0
LF:10
LH:0
BRDA:21,0,0,0
BRDA:21,0,1,0
BRF:2
BRH:0
end_of_record
TN:
SF:src/pages/Home/index.jsx
FN:9,Home
FN:14,(anonymous_1)
FN:15,fetchData
FN:28,(anonymous_3)
FN:32,handleSearch
FN:42,handleChange
FN:46,(anonymous_6)
FNF:7
FNH:0
FNDA:0,Home
FNDA:0,(anonymous_1)
FNDA:0,fetchData
FNDA:0,(anonymous_3)
FNDA:0,handleSearch
FNDA:0,handleChange
FNDA:0,(anonymous_6)
DA:10,0
DA:11,0
DA:12,0
DA:14,0
DA:16,0
DA:19,0
DA:20,0
DA:21,0
DA:22,0
DA:25,0
DA:28,0
DA:29,0
DA:33,0
DA:36,0
DA:37,0
DA:38,0
DA:43,0
DA:46,0
DA:47,0
DA:50,0
LF:20
LH:0
BRDA:20,0,0,0
BRDA:20,0,1,0
BRDA:37,1,0,0
BRDA:37,1,1,0
BRF:4
BRH:0
end_of_record
TN:
SF:src/pages/Home/styles.js
FNF:0
FNH:0
DA:3,0
LF:1
LH:0
BRF:0
BRH:0
end_of_record
TN:
SF:src/routes/app.routes.jsx
FN:5,AppRoutes
FNF:1
FNH:0
FNDA:0,AppRoutes
DA:6,0
LF:1
LH:0
BRF:0
BRH:0
end_of_record
TN:
SF:src/routes/index.jsx
FN:4,Routes
FNF:1
FNH:0
FNDA:0,Routes
DA:5,0
LF:1
LH:0
BRF:0
BRH:0
end_of_record
